<?xml version="1.0" encoding="UTF-8"?>
<!-- Generated by org.testng.reporters.JUnitReportReporter -->
<testsuite skipped="0" hostname="acer-PC" name="functionality.amazon" tests="1" failures="0" timestamp="2022-01-24T12:17:48 IST" time="39.250" errors="0">
  <testcase name="login" time="39.250" classname="functionality.amazon"/>
  <system-out/>
</testsuite> <!-- functionality.amazon -->
